<?xml version="1.0" encoding="UTF-8"?>
<!-- Generated by org.testng.reporters.JUnitReportReporter -->
<testsuite skipped="0" hostname="amazingmist.local" name="tuong_tinh.MemberConverterTest" tests="6" failures="0" timestamp="26 Jun 2019 14:18:42 GMT" time="0.034" errors="0">
  <testcase name="dtoListToEntityListTest" time="0.017" classname="tuong_tinh.MemberConverterTest"/>
  <testcase name="entityToDto_nullTest" time="0.001" classname="tuong_tinh.MemberConverterTest"/>
  <testcase name="dtoToEntity_nullTest" time="0.001" classname="tuong_tinh.MemberConverterTest"/>
  <testcase name="entityToDtoTest" time="0.002" classname="tuong_tinh.MemberConverterTest"/>
  <testcase name="dtoToEntityTest" time="0.003" classname="tuong_tinh.MemberConverterTest"/>
  <testcase name="entityListToDtoListTest" time="0.010" classname="tuong_tinh.MemberConverterTest"/>
</testsuite> <!-- tuong_tinh.MemberConverterTest -->
