<?xml version="1.0" encoding="UTF-8"?>
<!-- Generated by org.testng.reporters.JUnitReportReporter -->
<testsuite skipped="0" hostname="amazingmist.local" name="thanh_tai.MessageServiceImplTest" tests="2" failures="0" timestamp="26 Jun 2019 14:07:44 GMT" time="0.052" errors="0">
  <testcase name="findAllByChatBoxId_pageableTest" time="0.022" classname="thanh_tai.MessageServiceImplTest"/>
  <testcase name="findAllByChatBoxIdTest" time="0.030" classname="thanh_tai.MessageServiceImplTest"/>
</testsuite> <!-- thanh_tai.MessageServiceImplTest -->
