<?xml version="1.0" encoding="UTF-8"?>
<!-- Generated by org.testng.reporters.JUnitReportReporter -->
<testsuite skipped="0" hostname="amazingmist.local" name="duy_quang.MemberApiTest" tests="3" failures="0" timestamp="26 Jun 2019 14:11:26 GMT" time="0.258" errors="0">
  <testcase name="createTest" time="0.145" classname="duy_quang.MemberApiTest"/>
  <testcase name="updateReadStatusTest" time="0.103" classname="duy_quang.MemberApiTest"/>
  <testcase name="updateReadStatus_exceptionTest" time="0.010" classname="duy_quang.MemberApiTest"/>
</testsuite> <!-- duy_quang.MemberApiTest -->
