<?xml version="1.0" encoding="UTF-8"?>
<!-- Generated by org.testng.reporters.JUnitReportReporter -->
<testsuite skipped="0" hostname="amazingmist.local" name="thanh_tai.ChatBoxServiceImplTest" tests="4" failures="0" timestamp="26 Jun 2019 14:07:49 GMT" time="0.151" errors="0">
  <testcase name="finAllByUserIdTest" time="0.066" classname="thanh_tai.ChatBoxServiceImplTest"/>
  <testcase name="finAllByUserId_pageableTest" time="0.036" classname="thanh_tai.ChatBoxServiceImplTest"/>
  <testcase name="updateLastDataByMessageTest" time="0.029" classname="thanh_tai.ChatBoxServiceImplTest"/>
  <testcase name="findOneByMemberIdTest" time="0.020" classname="thanh_tai.ChatBoxServiceImplTest"/>
</testsuite> <!-- thanh_tai.ChatBoxServiceImplTest -->
