<?xml version="1.0" encoding="UTF-8"?>
<!-- Generated by org.testng.reporters.JUnitReportReporter -->
<testsuite skipped="0" hostname="amazingmist.local" name="tuong_tinh.IndexControllerTest" tests="1" failures="0" timestamp="26 Jun 2019 14:23:11 GMT" time="0.908" errors="0">
  <testcase name="indexTest" time="0.908" classname="tuong_tinh.IndexControllerTest"/>
</testsuite> <!-- tuong_tinh.IndexControllerTest -->
