<?xml version="1.0" encoding="UTF-8"?>
<!-- Generated by org.testng.reporters.JUnitReportReporter -->
<testsuite skipped="0" hostname="amazingmist.local" name="tuong_tinh.ChatBoxConverterTest" tests="6" failures="0" timestamp="26 Jun 2019 14:18:37 GMT" time="0.058" errors="0">
  <testcase name="entityListToDtoListTest" time="0.007" classname="tuong_tinh.ChatBoxConverterTest"/>
  <testcase name="dtoListToEntityListTest" time="0.047" classname="tuong_tinh.ChatBoxConverterTest"/>
  <testcase name="entityToDto_nullTest" time="0.001" classname="tuong_tinh.ChatBoxConverterTest"/>
  <testcase name="dtoToEntityTest" time="0.001" classname="tuong_tinh.ChatBoxConverterTest"/>
  <testcase name="entityToDtoTest" time="0.001" classname="tuong_tinh.ChatBoxConverterTest"/>
  <testcase name="dtoToEntity_nullTest" time="0.001" classname="tuong_tinh.ChatBoxConverterTest"/>
</testsuite> <!-- tuong_tinh.ChatBoxConverterTest -->
