<?xml version="1.0" encoding="UTF-8"?>
<!-- Generated by org.testng.reporters.JUnitReportReporter -->
<testsuite skipped="0" hostname="amazingmist.local" name="tuong_tinh.UserConverterTest" tests="5" failures="0" timestamp="26 Jun 2019 14:18:52 GMT" time="0.011" errors="0">
  <testcase name="entityListToDtoListTest" time="0.004" classname="tuong_tinh.UserConverterTest"/>
  <testcase name="dtoToEntityTest" time="0.002" classname="tuong_tinh.UserConverterTest"/>
  <testcase name="dtoToEntity_nullTest" time="0.001" classname="tuong_tinh.UserConverterTest"/>
  <testcase name="entityToDto_nullTest" time="0.001" classname="tuong_tinh.UserConverterTest"/>
  <testcase name="entityToDtoTest" time="0.003" classname="tuong_tinh.UserConverterTest"/>
</testsuite> <!-- tuong_tinh.UserConverterTest -->
