<?xml version="1.0" encoding="UTF-8"?>
<!-- Generated by org.testng.reporters.JUnitReportReporter -->
<testsuite skipped="0" hostname="amazingmist.local" name="thanh_tai.MemberServiceImplTest" tests="4" failures="0" timestamp="26 Jun 2019 14:07:29 GMT" time="0.163" errors="0">
  <testcase name="updateReadStatusByChatBoxIdAndUserIdTest" time="0.111" classname="thanh_tai.MemberServiceImplTest"/>
  <testcase name="updateReadStatusByChatBoxIdAndUserId_exceptionTest" time="0.008" classname="thanh_tai.MemberServiceImplTest"/>
  <testcase name="updateReadStatusByMemberIdTest_exceptionTest" time="0.005" classname="thanh_tai.MemberServiceImplTest"/>
  <testcase name="updateReadStatusByMemberIdTest" time="0.039" classname="thanh_tai.MemberServiceImplTest"/>
</testsuite> <!-- thanh_tai.MemberServiceImplTest -->
