<?xml version="1.0" encoding="UTF-8"?>
<!-- Generated by org.testng.reporters.JUnitReportReporter -->
<testsuite skipped="0" hostname="amazingmist.local" name="thanh_tai.AbstractServiceImplTest" tests="12" failures="0" timestamp="26 Jun 2019 14:07:39 GMT" time="0.491" errors="0">
  <testcase name="findAllTest" time="0.306" classname="thanh_tai.AbstractServiceImplTest"/>
  <testcase name="findAll_pageableTest" time="0.015" classname="thanh_tai.AbstractServiceImplTest"/>
  <testcase name="findOneByIdTest" time="0.019" classname="thanh_tai.AbstractServiceImplTest"/>
  <testcase name="findAllByPropertiesTest" time="0.015" classname="thanh_tai.AbstractServiceImplTest"/>
  <testcase name="findOneByPropertiesTest" time="0.013" classname="thanh_tai.AbstractServiceImplTest"/>
  <testcase name="saveTest" time="0.047" classname="thanh_tai.AbstractServiceImplTest"/>
  <testcase name="updateTest" time="0.031" classname="thanh_tai.AbstractServiceImplTest"/>
  <testcase name="update_exceptionTest" time="0.006" classname="thanh_tai.AbstractServiceImplTest"/>
  <testcase name="update_exception1Test" time="0.008" classname="thanh_tai.AbstractServiceImplTest"/>
  <testcase name="deleteTest" time="0.016" classname="thanh_tai.AbstractServiceImplTest"/>
  <testcase name="delete_exceptionTest" time="0.007" classname="thanh_tai.AbstractServiceImplTest"/>
  <testcase name="delete_exception1Test" time="0.008" classname="thanh_tai.AbstractServiceImplTest"/>
</testsuite> <!-- thanh_tai.AbstractServiceImplTest -->
