<?xml version="1.0" encoding="UTF-8"?>
<!-- Generated by org.testng.reporters.JUnitReportReporter -->
<testsuite skipped="0" hostname="amazingmist.local" name="vi_khang.MessageDaoImplTest" tests="2" failures="0" timestamp="26 Jun 2019 14:24:06 GMT" time="0.014" errors="0">
  <testcase name="findAllByChatBoxIdTest" time="0.011" classname="vi_khang.MessageDaoImplTest"/>
  <testcase name="findAllByChatBoxId_exceptionTest" time="0.003" classname="vi_khang.MessageDaoImplTest"/>
</testsuite> <!-- vi_khang.MessageDaoImplTest -->
