<?xml version="1.0" encoding="UTF-8"?>
<!-- Generated by org.testng.reporters.JUnitReportReporter -->
<testsuite skipped="0" hostname="amazingmist.local" name="duy_quang.UserApiTest" tests="1" failures="0" timestamp="26 Jun 2019 14:11:41 GMT" time="0.044" errors="0">
  <testcase name="searchOtherUserTest" time="0.044" classname="duy_quang.UserApiTest"/>
</testsuite> <!-- duy_quang.UserApiTest -->
