<?xml version="1.0" encoding="UTF-8"?>
<!-- Generated by org.testng.reporters.JUnitReportReporter -->
<testsuite skipped="0" hostname="amazingmist.local" name="vi_khang.AbstractDaoImplTest" tests="15" failures="0" timestamp="26 Jun 2019 14:23:56 GMT" time="0.637" errors="0">
  <testcase name="findAllTest" time="0.293" classname="vi_khang.AbstractDaoImplTest"/>
  <testcase name="findAll_pageableTest" time="0.013" classname="vi_khang.AbstractDaoImplTest"/>
  <testcase name="findOneByIdTest" time="0.016" classname="vi_khang.AbstractDaoImplTest"/>
  <testcase name="findAllByPropertiesTest" time="0.015" classname="vi_khang.AbstractDaoImplTest"/>
  <testcase name="findAllByProperties_exceptionTest" time="0.013" classname="vi_khang.AbstractDaoImplTest"/>
  <testcase name="findOneByPropertiesTest" time="0.009" classname="vi_khang.AbstractDaoImplTest"/>
  <testcase name="findOneByProperties_exceptionTest" time="0.004" classname="vi_khang.AbstractDaoImplTest"/>
  <testcase name="saveTest" time="0.124" classname="vi_khang.AbstractDaoImplTest"/>
  <testcase name="save_exceptionTest" time="0.005" classname="vi_khang.AbstractDaoImplTest"/>
  <testcase name="updateTest" time="0.045" classname="vi_khang.AbstractDaoImplTest"/>
  <testcase name="update_exceptionTest" time="0.016" classname="vi_khang.AbstractDaoImplTest"/>
  <testcase name="update_exception1Test" time="0.014" classname="vi_khang.AbstractDaoImplTest"/>
  <testcase name="deleteTest" time="0.037" classname="vi_khang.AbstractDaoImplTest"/>
  <testcase name="delete_exceptionTest" time="0.013" classname="vi_khang.AbstractDaoImplTest"/>
  <testcase name="delete_exception1Test" time="0.020" classname="vi_khang.AbstractDaoImplTest"/>
</testsuite> <!-- vi_khang.AbstractDaoImplTest -->
