<?xml version="1.0" encoding="UTF-8"?>
<!-- Generated by org.testng.reporters.JUnitReportReporter -->
<testsuite skipped="0" hostname="amazingmist.local" name="tuong_tinh.MessageConverterTest" tests="5" failures="0" timestamp="26 Jun 2019 14:18:57 GMT" time="0.017" errors="0">
  <testcase name="dtoToEntityTest" time="0.006" classname="tuong_tinh.MessageConverterTest"/>
  <testcase name="entityToDto_nullTest" time="0.001" classname="tuong_tinh.MessageConverterTest"/>
  <testcase name="entityListToDtoListTest" time="0.005" classname="tuong_tinh.MessageConverterTest"/>
  <testcase name="dtoToEntity_nullTest" time="0.002" classname="tuong_tinh.MessageConverterTest"/>
  <testcase name="entityToDtoTest" time="0.003" classname="tuong_tinh.MessageConverterTest"/>
</testsuite> <!-- tuong_tinh.MessageConverterTest -->
