<?xml version="1.0" encoding="UTF-8"?>
<!-- Generated by org.testng.reporters.JUnitReportReporter -->
<testsuite skipped="0" hostname="amazingmist.local" name="vi_khang.ChatBoxDaoImplTest" tests="3" failures="0" timestamp="26 Jun 2019 14:24:01 GMT" time="0.044" errors="0">
  <testcase name="findOneByMemberIdTest" time="0.015" classname="vi_khang.ChatBoxDaoImplTest"/>
  <testcase name="findAllByUserId_exceptionTest" time="0.004" classname="vi_khang.ChatBoxDaoImplTest"/>
  <testcase name="findAllByUserIdTest" time="0.025" classname="vi_khang.ChatBoxDaoImplTest"/>
</testsuite> <!-- vi_khang.ChatBoxDaoImplTest -->
