<?xml version="1.0" encoding="UTF-8"?>
<!-- Generated by org.testng.reporters.JUnitReportReporter -->
<testsuite skipped="0" hostname="amazingmist.local" name="thanh_tai.UserServiceImplTest" tests="2" failures="0" timestamp="26 Jun 2019 14:07:34 GMT" time="0.027" errors="0">
  <testcase name="findSearchUserByNameTest" time="0.014" classname="thanh_tai.UserServiceImplTest"/>
  <testcase name="findOneByProviderAndProviderIdTest" time="0.013" classname="thanh_tai.UserServiceImplTest"/>
</testsuite> <!-- thanh_tai.UserServiceImplTest -->
