<?xml version="1.0" encoding="UTF-8"?>
<!-- Generated by org.testng.reporters.JUnitReportReporter -->
<testsuite skipped="0" hostname="amazingmist.local" name="vi_khang.UserDaoImplTest" tests="1" failures="0" timestamp="26 Jun 2019 14:24:16 GMT" time="0.017" errors="0">
  <testcase name="findPartnerUserByChatBoxIdTest" time="0.017" classname="vi_khang.UserDaoImplTest"/>
</testsuite> <!-- vi_khang.UserDaoImplTest -->
