<?xml version="1.0" encoding="UTF-8"?>
<!-- Generated by org.testng.reporters.JUnitReportReporter -->
<testsuite skipped="0" hostname="amazingmist.local" name="duy_quang.MessageApiTest" tests="1" failures="0" timestamp="26 Jun 2019 14:11:36 GMT" time="0.061" errors="0">
  <testcase name="getListTest" time="0.061" classname="duy_quang.MessageApiTest"/>
</testsuite> <!-- duy_quang.MessageApiTest -->
