<?xml version="1.0" encoding="UTF-8"?>
<!-- Generated by org.testng.reporters.JUnitReportReporter -->
<testsuite skipped="0" hostname="amazingmist.local" name="vi_khang.MemberDaoImplTest" tests="1" failures="0" timestamp="26 Jun 2019 14:24:11 GMT" time="0.017" errors="0">
  <testcase name="findOneByChatBoxIdAndUserIdTest" time="0.017" classname="vi_khang.MemberDaoImplTest"/>
</testsuite> <!-- vi_khang.MemberDaoImplTest -->
